<?xml version="1.0" encoding="UTF-8"?>
<testng-results skipped="0" failed="1" total="4" passed="3">
  <reporter-output>
  </reporter-output>
  <suite name="Default suite" duration-ms="104169" started-at="2017-10-06T13:23:28Z" finished-at="2017-10-06T13:25:13Z">
    <groups>
    </groups>
    <test name="Default test" duration-ms="104169" started-at="2017-10-06T13:23:28Z" finished-at="2017-10-06T13:25:13Z">
      <class name="scenarios.AppiumTest">
        <test-method status="PASS" signature="setUp()[pri:0, instance:scenarios.AppiumTest@6eebc39e]" name="setUp" is-config="true" duration-ms="21742" started-at="2017-10-06T14:23:28Z" finished-at="2017-10-06T14:23:50Z">
          <reporter-output>
          </reporter-output>
        </test-method> <!-- setUp -->
        <test-method status="PASS" signature="acceptTest()[pri:0, instance:scenarios.AppiumTest@6eebc39e]" name="acceptTest" duration-ms="1764" started-at="2017-10-06T14:23:50Z" finished-at="2017-10-06T14:23:52Z">
          <reporter-output>
          </reporter-output>
        </test-method> <!-- acceptTest -->
        <test-method status="PASS" signature="notRegisteredtest()[pri:0, instance:scenarios.AppiumTest@6eebc39e]" name="notRegisteredtest" duration-ms="27670" started-at="2017-10-06T14:23:52Z" depends-on-methods="scenarios.AppiumTest.acceptTest" finished-at="2017-10-06T14:24:20Z">
          <reporter-output>
          </reporter-output>
        </test-method> <!-- notRegisteredtest -->
        <test-method status="PASS" signature="registeredLogin()[pri:0, instance:scenarios.AppiumTest@6eebc39e]" name="registeredLogin" duration-ms="20409" started-at="2017-10-06T14:24:20Z" depends-on-methods="scenarios.AppiumTest.acceptTest, scenarios.AppiumTest.notRegisteredtest" finished-at="2017-10-06T14:24:40Z">
          <reporter-output>
          </reporter-output>
        </test-method> <!-- registeredLogin -->
        <test-method status="FAIL" signature="registerNew()[pri:0, instance:scenarios.AppiumTest@6eebc39e]" name="registerNew" duration-ms="30363" started-at="2017-10-06T14:24:40Z" depends-on-methods="scenarios.AppiumTest.acceptTest, scenarios.AppiumTest.registeredLogin" finished-at="2017-10-06T14:25:10Z">
          <exception class="org.openqa.selenium.TimeoutException">
            <message>
              <![CDATA[Expected condition failed: waiting for visibility of element located by By.id: text_view_create_account (tried for 30 second(s) with 500 MILLISECONDS interval)
Build info: version: '3.0.1', revision: '1969d75', time: '2016-10-18 09:49:13 -0700'
System info: host: 'Swatis-MacBook-Pro.local', ip: '192.168.0.4', os.name: 'Mac OS X', os.arch: 'x86_64', os.version: '10.12.6', java.version: '1.8.0_121'
Driver info: io.appium.java_client.android.AndroidDriver
Capabilities [{app=/Users/swatianand/Desktop/floow/flowdrive.apk, appPackage=com.thefloow.flo, deviceScreenSize=1440x2560, networkConnectionEnabled=true, warnings={}, databaseEnabled=false, deviceName=9886274e4741544a35, platform=LINUX, deviceUDID=9886274e4741544a35, appActivity=com.thefloow.flo.activity.LauncherActivity, desired={app=/Users/swatianand/Desktop/floow/flowdrive.apk, appPackage=com.thefloow.flo, appActivity=com.thefloow.flo.activity.LauncherActivity, appium-version=1.0, platformVersion=7.0, platformName=Android, deviceName=Galaxy S7}, appium-version=1.0, platformVersion=7.0, webStorageEnabled=false, locationContextEnabled=false, takesScreenshot=true, javascriptEnabled=true, deviceModel=SM-G935F, platformName=Android, deviceManufacturer=samsung}]
Session ID: 6b90e98e-fa20-4525-80a0-487b0b48b2d7]]>
            </message>
            <full-stacktrace>
              <![CDATA[org.openqa.selenium.TimeoutException: Expected condition failed: waiting for visibility of element located by By.id: text_view_create_account (tried for 30 second(s) with 500 MILLISECONDS interval)
Build info: version: '3.0.1', revision: '1969d75', time: '2016-10-18 09:49:13 -0700'
System info: host: 'Swatis-MacBook-Pro.local', ip: '192.168.0.4', os.name: 'Mac OS X', os.arch: 'x86_64', os.version: '10.12.6', java.version: '1.8.0_121'
Driver info: io.appium.java_client.android.AndroidDriver
Capabilities [{app=/Users/swatianand/Desktop/floow/flowdrive.apk, appPackage=com.thefloow.flo, deviceScreenSize=1440x2560, networkConnectionEnabled=true, warnings={}, databaseEnabled=false, deviceName=9886274e4741544a35, platform=LINUX, deviceUDID=9886274e4741544a35, appActivity=com.thefloow.flo.activity.LauncherActivity, desired={app=/Users/swatianand/Desktop/floow/flowdrive.apk, appPackage=com.thefloow.flo, appActivity=com.thefloow.flo.activity.LauncherActivity, appium-version=1.0, platformVersion=7.0, platformName=Android, deviceName=Galaxy S7}, appium-version=1.0, platformVersion=7.0, webStorageEnabled=false, locationContextEnabled=false, takesScreenshot=true, javascriptEnabled=true, deviceModel=SM-G935F, platformName=Android, deviceManufacturer=samsung}]
Session ID: 6b90e98e-fa20-4525-80a0-487b0b48b2d7
	at org.openqa.selenium.support.ui.WebDriverWait.timeoutException(WebDriverWait.java:80)
	at org.openqa.selenium.support.ui.FluentWait.until(FluentWait.java:265)
	at pages.BasePage.waitForVisibilityOf(BasePage.java:34)
	at pages.LoginPage.createAccount(LoginPage.java:67)
	at scenarios.AppiumTest.registerNew(AppiumTest.java:64)
	at sun.reflect.NativeMethodAccessorImpl.invoke0(Native Method)
	at sun.reflect.NativeMethodAccessorImpl.invoke(NativeMethodAccessorImpl.java:62)
	at sun.reflect.DelegatingMethodAccessorImpl.invoke(DelegatingMethodAccessorImpl.java:43)
	at java.lang.reflect.Method.invoke(Method.java:498)
	at org.testng.internal.MethodInvocationHelper.invokeMethod(MethodInvocationHelper.java:85)
	at org.testng.internal.Invoker.invokeMethod(Invoker.java:639)
	at org.testng.internal.Invoker.invokeTestMethod(Invoker.java:816)
	at org.testng.internal.Invoker.invokeTestMethods(Invoker.java:1124)
	at org.testng.internal.TestMethodWorker.invokeTestMethods(TestMethodWorker.java:125)
	at org.testng.internal.TestMethodWorker.run(TestMethodWorker.java:108)
	at org.testng.TestRunner.privateRun(TestRunner.java:774)
	at org.testng.TestRunner.run(TestRunner.java:624)
	at org.testng.SuiteRunner.runTest(SuiteRunner.java:359)
	at org.testng.SuiteRunner.runSequentially(SuiteRunner.java:354)
	at org.testng.SuiteRunner.privateRun(SuiteRunner.java:312)
	at org.testng.SuiteRunner.run(SuiteRunner.java:261)
	at org.testng.SuiteRunnerWorker.runSuite(SuiteRunnerWorker.java:52)
	at org.testng.SuiteRunnerWorker.run(SuiteRunnerWorker.java:86)
	at org.testng.TestNG.runSuitesSequentially(TestNG.java:1191)
	at org.testng.TestNG.runSuitesLocally(TestNG.java:1116)
	at org.testng.TestNG.run(TestNG.java:1024)
	at org.testng.remote.AbstractRemoteTestNG.run(AbstractRemoteTestNG.java:114)
	at org.testng.remote.RemoteTestNG.initAndRun(RemoteTestNG.java:251)
	at org.testng.remote.RemoteTestNG.main(RemoteTestNG.java:77)
Caused by: org.openqa.selenium.NoSuchElementException: An element could not be located on the page using the given search parameters. (WARNING: The server did not provide any stacktrace information)
Command duration or timeout: 3.00 seconds
For documentation on this error, please visit: http://seleniumhq.org/exceptions/no_such_element.html
Build info: version: '3.0.1', revision: '1969d75', time: '2016-10-18 09:49:13 -0700'
System info: host: 'Swatis-MacBook-Pro.local', ip: '192.168.0.4', os.name: 'Mac OS X', os.arch: 'x86_64', os.version: '10.12.6', java.version: '1.8.0_121'
Driver info: io.appium.java_client.android.AndroidDriver
Capabilities [{app=/Users/swatianand/Desktop/floow/flowdrive.apk, appPackage=com.thefloow.flo, deviceScreenSize=1440x2560, networkConnectionEnabled=true, warnings={}, databaseEnabled=false, deviceName=9886274e4741544a35, platform=LINUX, deviceUDID=9886274e4741544a35, appActivity=com.thefloow.flo.activity.LauncherActivity, desired={app=/Users/swatianand/Desktop/floow/flowdrive.apk, appPackage=com.thefloow.flo, appActivity=com.thefloow.flo.activity.LauncherActivity, appium-version=1.0, platformVersion=7.0, platformName=Android, deviceName=Galaxy S7}, appium-version=1.0, platformVersion=7.0, webStorageEnabled=false, locationContextEnabled=false, takesScreenshot=true, javascriptEnabled=true, deviceModel=SM-G935F, platformName=Android, deviceManufacturer=samsung}]
Session ID: 6b90e98e-fa20-4525-80a0-487b0b48b2d7
*** Element info: {Using=id, value=text_view_create_account}
	at sun.reflect.GeneratedConstructorAccessor11.newInstance(Unknown Source)
	at sun.reflect.DelegatingConstructorAccessorImpl.newInstance(DelegatingConstructorAccessorImpl.java:45)
	at java.lang.reflect.Constructor.newInstance(Constructor.java:423)
	at org.openqa.selenium.remote.ErrorHandler.createThrowable(ErrorHandler.java:216)
	at org.openqa.selenium.remote.ErrorHandler.throwIfResponseFailed(ErrorHandler.java:168)
	at org.openqa.selenium.remote.RemoteWebDriver.execute(RemoteWebDriver.java:635)
	at io.appium.java_client.DefaultGenericMobileDriver.execute(DefaultGenericMobileDriver.java:40)
	at io.appium.java_client.AppiumDriver.execute(AppiumDriver.java:1)
	at io.appium.java_client.android.AndroidDriver.execute(AndroidDriver.java:1)
	at org.openqa.selenium.remote.RemoteWebDriver.findElement(RemoteWebDriver.java:368)
	at io.appium.java_client.DefaultGenericMobileDriver.findElement(DefaultGenericMobileDriver.java:56)
	at io.appium.java_client.AppiumDriver.findElement(AppiumDriver.java:1)
	at io.appium.java_client.android.AndroidDriver.findElement(AndroidDriver.java:1)
	at org.openqa.selenium.remote.RemoteWebDriver.findElementById(RemoteWebDriver.java:417)
	at io.appium.java_client.DefaultGenericMobileDriver.findElementById(DefaultGenericMobileDriver.java:64)
	at io.appium.java_client.AppiumDriver.findElementById(AppiumDriver.java:1)
	at io.appium.java_client.android.AndroidDriver.findElementById(AndroidDriver.java:1)
	at org.openqa.selenium.By$ById.findElement(By.java:218)
	at org.openqa.selenium.remote.RemoteWebDriver.findElement(RemoteWebDriver.java:360)
	at io.appium.java_client.DefaultGenericMobileDriver.findElement(DefaultGenericMobileDriver.java:52)
	at io.appium.java_client.AppiumDriver.findElement(AppiumDriver.java:1)
	at io.appium.java_client.android.AndroidDriver.findElement(AndroidDriver.java:1)
	at org.openqa.selenium.support.ui.ExpectedConditions.findElement(ExpectedConditions.java:895)
	at org.openqa.selenium.support.ui.ExpectedConditions.access$000(ExpectedConditions.java:41)
	at org.openqa.selenium.support.ui.ExpectedConditions$7.apply(ExpectedConditions.java:205)
	at org.openqa.selenium.support.ui.ExpectedConditions$7.apply(ExpectedConditions.java:201)
	at org.openqa.selenium.support.ui.FluentWait.until(FluentWait.java:238)
	... 27 more
]]>
            </full-stacktrace>
          </exception> <!-- org.openqa.selenium.TimeoutException -->
          <reporter-output>
          </reporter-output>
        </test-method> <!-- registerNew -->
        <test-method status="PASS" signature="tearDown()[pri:0, instance:scenarios.AppiumTest@6eebc39e]" name="tearDown" is-config="true" duration-ms="2195" started-at="2017-10-06T14:25:10Z" finished-at="2017-10-06T14:25:13Z">
          <reporter-output>
          </reporter-output>
        </test-method> <!-- tearDown -->
      </class> <!-- scenarios.AppiumTest -->
    </test> <!-- Default test -->
  </suite> <!-- Default suite -->
</testng-results>
